5 bottles of beer on the wall,
5 bottles of beer.
Take one down and pass it around --
4 bottles of beer on the wall.

4 bottles of beer on the wall,
4 bottles of beer.
Take one down and pass it around --
3 bottles of beer on the wall.

3 bottles of beer on the wall,
3 bottles of beer.
Take one down and pass it around --
2 bottles of beer on the wall.

2 bottles of beer on the wall,
2 bottles of beer.
Take one down and pass it around --
One bottle of beer on the wall.

One bottle of beer on the wall,
One bottle of beer.
Take one down and pass it around --
No more bottles of beer on the wall.

No more bottles of beer on the wall,
No more bottles of beer.
Go to the store and buy some more --
5 bottles of beer on the wall.

