
Det (
	[ 1 2 3 ]
	[ 4 5 6 ]
	[ 7 8 9 ]
    ) = 0

Det (
	[ 1 2 ]
	[ 3 1 ]
    ) = -5

Det (
	[ 1 2 3 ]
	[ 3 2 -1 ]
	[ -1 0 1 ]
    ) = 4

Det (
	[ 1 2 3 ]
	[ 1 -1 1 ]
	[ 1 3 -1 ]
    ) = 14

Det (
	[ 1 2 1 ]
	[ 3 -5 3 ]
	[ 2 7 -1 ]
    ) = 33

Det (
	[ -5 1 -4 1 ]
	[ 1 4 -1 5 ]
	[ -4 1 -8 -1 ]
	[ 3 2 6 2 ]
    ) = -264

Det (
	[ 2 0 1 3 1 ]
	[ -1 1 2 2 3 ]
	[ 1 4 0 -1 5 ]
	[ 2 1 3 1 2 ]
	[ 1 2 -1 3 1 ]
    ) = -264

Det (
	[ 1 2 3 4 5 ]
	[ 2 1 3 4 5 ]
	[ 3 2 1 4 5 ]
	[ 4 3 2 1 5 ]
	[ 5 4 3 2 1 ]
    ) = 360

Det (
	[ 1 9 2 6 5 3 ]
	[ 7 2 8 3 9 4 ]
	[ 4 3 0 1 7 9 ]
	[ 5 4 7 0 2 1 ]
	[ 6 8 1 7 3 2 ]
	[ 9 1 6 2 0 5 ]
    ) = 113522

