Testing: Sin [16] (-3. .. 3. # 60)
  Sin(-3.) = -0.14112001	(D=-5.5511151e-17)
  Sin(-2.9) = -0.23924933	(D=2.4980018e-16)
  Sin(-2.8) = -0.33498815	(D=2.7755576e-16)
  Sin(-2.7) = -0.42737988	(D=1.110223e-16)
  Sin(-2.6) = -0.51550137	(D=2.220446e-16)
  Sin(-2.5) = -0.59847214	(D=-3.3306691e-16)
  Sin(-2.4) = -0.67546318	(D=-2.220446e-16)
  Sin(-2.3) = -0.74570521	(D=1.110223e-16)
  Sin(-2.2) = -0.8084964	(D=0.)
  Sin(-2.1) = -0.86320937	(D=1.110223e-16)
  Sin(-2.) = -0.90929743	(D=0.)
  Sin(-1.9) = -0.94630009	(D=-1.110223e-16)
  Sin(-1.8) = -0.97384763	(D=-1.110223e-16)
  Sin(-1.7) = -0.99166481	(D=0.)
  Sin(-1.6) = -0.9995736	(D=-1.110223e-16)
  Sin(-1.5) = -0.99749499	(D=1.110223e-16)
  Sin(-1.4) = -0.98544973	(D=1.110223e-16)
  Sin(-1.3) = -0.96355819	(D=0.)
  Sin(-1.2) = -0.93203909	(D=0.)
  Sin(-1.1) = -0.89120736	(D=-1.110223e-16)
  Sin(-1.) = -0.84147098	(D=0.)
  Sin(-0.9) = -0.78332691	(D=1.110223e-16)
  Sin(-0.8) = -0.71735609	(D=1.110223e-16)
  Sin(-0.7) = -0.64421769	(D=1.110223e-16)
  Sin(-0.6) = -0.56464247	(D=1.110223e-16)
  Sin(-0.5) = -0.47942554	(D=0.)
  Sin(-0.4) = -0.38941834	(D=-5.5511151e-17)
  Sin(-0.3) = -0.29552021	(D=0.)
  Sin(-0.2) = -0.19866933	(D=0.)
  Sin(-0.1) = -0.099833417	(D=1.3877788e-17)
  Sin(0.) = 0.	(D=0.)
  Sin(0.1) = 0.099833417	(D=-1.3877788e-17)
  Sin(0.2) = 0.19866933	(D=-2.7755576e-17)
  Sin(0.3) = 0.29552021	(D=0.)
  Sin(0.4) = 0.38941834	(D=5.5511151e-17)
  Sin(0.5) = 0.47942554	(D=0.)
  Sin(0.6) = 0.56464247	(D=0.)
  Sin(0.7) = 0.64421769	(D=0.)
  Sin(0.8) = 0.71735609	(D=-1.110223e-16)
  Sin(0.9) = 0.78332691	(D=0.)
  Sin(1.) = 0.84147098	(D=0.)
  Sin(1.1) = 0.89120736	(D=0.)
  Sin(1.2) = 0.93203909	(D=0.)
  Sin(1.3) = 0.96355819	(D=0.)
  Sin(1.4) = 0.98544973	(D=0.)
  Sin(1.5) = 0.99749499	(D=-1.110223e-16)
  Sin(1.6) = 0.9995736	(D=0.)
  Sin(1.7) = 0.99166481	(D=-1.110223e-16)
  Sin(1.8) = 0.97384763	(D=0.)
  Sin(1.9) = 0.94630009	(D=0.)
  Sin(2.) = 0.90929743	(D=0.)
  Sin(2.1) = 0.86320937	(D=-2.220446e-16)
  Sin(2.2) = 0.8084964	(D=0.)
  Sin(2.3) = 0.74570521	(D=1.110223e-16)
  Sin(2.4) = 0.67546318	(D=2.220446e-16)
  Sin(2.5) = 0.59847214	(D=3.3306691e-16)
  Sin(2.6) = 0.51550137	(D=1.110223e-16)
  Sin(2.7) = 0.42737988	(D=-1.110223e-16)
  Sin(2.8) = 0.33498815	(D=-1.6653345e-16)
  Sin(2.9) = 0.23924933	(D=3.0531133e-16)
  Sin(3.) = 0.14112001	(D=5.5511151e-17)
Results: Count=60; Average diff=8.2341541e-17

Testing: Cos [16] (-3. .. 3. # 60)
  Cos(-3.) = -0.9899925	(D=1.110223e-16)
  Cos(-2.9) = -0.97095817	(D=1.110223e-16)
  Cos(-2.8) = -0.94222234	(D=4.4408921e-16)
  Cos(-2.7) = -0.90407214	(D=0.)
  Cos(-2.6) = -0.85688875	(D=-1.110223e-16)
  Cos(-2.5) = -0.80114362	(D=-2.220446e-16)
  Cos(-2.4) = -0.73739372	(D=3.3306691e-16)
  Cos(-2.3) = -0.66627602	(D=0.)
  Cos(-2.2) = -0.58850112	(D=1.110223e-16)
  Cos(-2.1) = -0.5048461	(D=-1.110223e-16)
  Cos(-2.) = -0.41614684	(D=5.5511151e-17)
  Cos(-1.9) = -0.32328957	(D=1.110223e-16)
  Cos(-1.8) = -0.22720209	(D=-5.5511151e-17)
  Cos(-1.7) = -0.12884449	(D=-5.5511151e-17)
  Cos(-1.6) = -0.029199522	(D=2.7755576e-17)
  Cos(-1.5) = 0.070737202	(D=0.)
  Cos(-1.4) = 0.16996714	(D=2.7755576e-17)
  Cos(-1.3) = 0.26749883	(D=0.)
  Cos(-1.2) = 0.36235775	(D=1.110223e-16)
  Cos(-1.1) = 0.45359612	(D=5.5511151e-17)
  Cos(-1.) = 0.54030231	(D=1.110223e-16)
  Cos(-0.9) = 0.62160997	(D=-1.110223e-16)
  Cos(-0.8) = 0.69670671	(D=-1.110223e-16)
  Cos(-0.7) = 0.76484219	(D=0.)
  Cos(-0.6) = 0.82533561	(D=1.110223e-16)
  Cos(-0.5) = 0.87758256	(D=0.)
  Cos(-0.4) = 0.92106099	(D=0.)
  Cos(-0.3) = 0.95533649	(D=0.)
  Cos(-0.2) = 0.98006658	(D=0.)
  Cos(-0.1) = 0.99500417	(D=0.)
  Cos(0.) = 1.	(D=0.)
  Cos(0.1) = 0.99500417	(D=-1.110223e-16)
  Cos(0.2) = 0.98006658	(D=0.)
  Cos(0.3) = 0.95533649	(D=0.)
  Cos(0.4) = 0.92106099	(D=1.110223e-16)
  Cos(0.5) = 0.87758256	(D=0.)
  Cos(0.6) = 0.82533561	(D=0.)
  Cos(0.7) = 0.76484219	(D=0.)
  Cos(0.8) = 0.69670671	(D=1.110223e-16)
  Cos(0.9) = 0.62160997	(D=-1.110223e-16)
  Cos(1.) = 0.54030231	(D=1.110223e-16)
  Cos(1.1) = 0.45359612	(D=5.5511151e-17)
  Cos(1.2) = 0.36235775	(D=5.5511151e-17)
  Cos(1.3) = 0.26749883	(D=0.)
  Cos(1.4) = 0.16996714	(D=5.5511151e-17)
  Cos(1.5) = 0.070737202	(D=0.)
  Cos(1.6) = -0.029199522	(D=3.1225023e-17)
  Cos(1.7) = -0.12884449	(D=2.7755576e-17)
  Cos(1.8) = -0.22720209	(D=-2.7755576e-17)
  Cos(1.9) = -0.32328957	(D=0.)
  Cos(2.) = -0.41614684	(D=5.5511151e-17)
  Cos(2.1) = -0.5048461	(D=-1.110223e-16)
  Cos(2.2) = -0.58850112	(D=1.110223e-16)
  Cos(2.3) = -0.66627602	(D=0.)
  Cos(2.4) = -0.73739372	(D=2.220446e-16)
  Cos(2.5) = -0.80114362	(D=-2.220446e-16)
  Cos(2.6) = -0.85688875	(D=-3.3306691e-16)
  Cos(2.7) = -0.90407214	(D=0.)
  Cos(2.8) = -0.94222234	(D=2.220446e-16)
  Cos(2.9) = -0.97095817	(D=-1.110223e-16)
  Cos(3.) = -0.9899925	(D=1.110223e-16)
Results: Count=60; Average diff=8.00864e-17

Testing: Exp [24] (-2.4 .. 2.4 # 32)
  Exp(-2.4) = 0.090717953	(D=1.9290125e-15)
  Exp(-2.25) = 0.10539922	(D=4.0245585e-16)
  Exp(-2.1) = 0.12245643	(D=1.3877788e-16)
  Exp(-1.95) = 0.14227407	(D=8.3266727e-17)
  Exp(-1.8) = 0.16529889	(D=2.7755576e-17)
  Exp(-1.65) = 0.19204991	(D=-2.7755576e-17)
  Exp(-1.5) = 0.22313016	(D=5.5511151e-17)
  Exp(-1.35) = 0.25924026	(D=-5.5511151e-17)
  Exp(-1.2) = 0.30119421	(D=5.5511151e-17)
  Exp(-1.05) = 0.34993775	(D=-5.5511151e-17)
  Exp(-0.9) = 0.40656966	(D=-5.5511151e-17)
  Exp(-0.75) = 0.47236655	(D=-1.110223e-16)
  Exp(-0.6) = 0.54881164	(D=1.110223e-16)
  Exp(-0.45) = 0.63762815	(D=1.110223e-16)
  Exp(-0.3) = 0.74081822	(D=1.110223e-16)
  Exp(-0.15) = 0.86070798	(D=0.)
  Exp(0.) = 1.	(D=0.)
  Exp(0.15) = 1.1618342	(D=2.220446e-16)
  Exp(0.3) = 1.3498588	(D=2.220446e-16)
  Exp(0.45) = 1.5683122	(D=2.220446e-16)
  Exp(0.6) = 1.8221188	(D=-2.220446e-16)
  Exp(0.75) = 2.117	(D=0.)
  Exp(0.9) = 2.4596031	(D=-4.4408921e-16)
  Exp(1.05) = 2.8576511	(D=8.8817842e-16)
  Exp(1.2) = 3.3201169	(D=0.)
  Exp(1.35) = 3.8574255	(D=4.4408921e-16)
  Exp(1.5) = 4.4816891	(D=-1.7763568e-15)
  Exp(1.65) = 5.2069798	(D=0.)
  Exp(1.8) = 6.0496475	(D=8.8817842e-16)
  Exp(1.95) = 7.0286876	(D=1.7763568e-15)
  Exp(2.1) = 8.1661699	(D=0.)
  Exp(2.25) = 9.4877358	(D=0.)
  Exp(2.4) = 11.023176	(D=3.5527137e-15)
Results: Count=32; Average diff=4.3715032e-16

Testing: Log [48] (0.1 .. 3 # 29)
  Log(0.1) = -2.3025851	(D=-2.111582e-10)
  Log(0.2) = -1.6094379	(D=4.4408921e-16)
  Log(0.3) = -1.2039728	(D=-6.6613381e-16)
  Log(0.4) = -0.91629073	(D=1.110223e-16)
  Log(0.5) = -0.69314718	(D=-2.220446e-16)
  Log(0.6) = -0.51082562	(D=-2.220446e-16)
  Log(0.7) = -0.35667494	(D=0.)
  Log(0.8) = -0.22314355	(D=2.7755576e-17)
  Log(0.9) = -0.10536052	(D=-4.1633363e-17)
  Log(1.) = -1.110223e-16	(D=0.)
  Log(1.1) = 0.09531018	(D=-1.3877788e-17)
  Log(1.2) = 0.18232156	(D=0.)
  Log(1.3) = 0.26236426	(D=0.)
  Log(1.4) = 0.33647224	(D=5.5511151e-17)
  Log(1.5) = 0.40546511	(D=-5.5511151e-17)
  Log(1.6) = 0.47000363	(D=-2.220446e-16)
  Log(1.7) = 0.53062825	(D=0.)
  Log(1.8) = 0.58778666	(D=0.)
  Log(1.9) = 0.64185389	(D=1.110223e-16)
  Log(2.) = 0.69314718	(D=2.220446e-16)
  Log(2.1) = 0.74193734	(D=-1.110223e-16)
  Log(2.2) = 0.78845736	(D=0.)
  Log(2.3) = 0.83290912	(D=-1.110223e-16)
  Log(2.4) = 0.87546874	(D=0.)
  Log(2.5) = 0.91629073	(D=0.)
  Log(2.6) = 0.95551145	(D=-1.110223e-16)
  Log(2.7) = 0.99325177	(D=1.110223e-16)
  Log(2.8) = 1.0296194	(D=4.4408921e-16)
  Log(2.9) = 1.0647107	(D=2.220446e-16)
  Log(3.) = 1.0986123	(D=8.8817842e-16)
Results: Count=29; Average diff=7.2814695e-12

Testing: Sh [30] (-3. .. 3. # 30)
  Sh(-3.) = -10.017875	(D=0.)
  Sh(-2.8) = -8.1919184	(D=-1.7763568e-15)
  Sh(-2.6) = -6.6947322	(D=0.)
  Sh(-2.4) = -5.4662292	(D=0.)
  Sh(-2.2) = -4.4571052	(D=0.)
  Sh(-2.) = -3.6268604	(D=-4.4408921e-16)
  Sh(-1.8) = -2.9421743	(D=-4.4408921e-16)
  Sh(-1.6) = -2.375568	(D=-8.8817842e-16)
  Sh(-1.4) = -1.9043015	(D=-2.220446e-16)
  Sh(-1.2) = -1.5094614	(D=2.220446e-16)
  Sh(-1.) = -1.1752012	(D=2.220446e-16)
  Sh(-0.8) = -0.88810598	(D=0.)
  Sh(-0.6) = -0.63665358	(D=-1.110223e-16)
  Sh(-0.4) = -0.41075233	(D=0.)
  Sh(-0.2) = -0.201336	(D=0.)
  Sh(0.) = 0.	(D=0.)
  Sh(0.2) = 0.201336	(D=0.)
  Sh(0.4) = 0.41075233	(D=0.)
  Sh(0.6) = 0.63665358	(D=1.110223e-16)
  Sh(0.8) = 0.88810598	(D=-1.110223e-16)
  Sh(1.) = 1.1752012	(D=-2.220446e-16)
  Sh(1.2) = 1.5094614	(D=-2.220446e-16)
  Sh(1.4) = 1.9043015	(D=0.)
  Sh(1.6) = 2.375568	(D=4.4408921e-16)
  Sh(1.8) = 2.9421743	(D=-4.4408921e-16)
  Sh(2.) = 3.6268604	(D=4.4408921e-16)
  Sh(2.2) = 4.4571052	(D=0.)
  Sh(2.4) = 5.4662292	(D=8.8817842e-16)
  Sh(2.6) = 6.6947322	(D=0.)
  Sh(2.8) = 8.1919184	(D=1.7763568e-15)
  Sh(3.) = 10.017875	(D=0.)
Results: Count=30; Average diff=2.9976022e-16

Testing: Ch [30] (-3. .. 3. # 30)
  Ch(-3.) = 10.067662	(D=0.)
  Ch(-2.8) = 8.2527284	(D=-1.7763568e-15)
  Ch(-2.6) = 6.7690058	(D=-1.7763568e-15)
  Ch(-2.4) = 5.5569472	(D=0.)
  Ch(-2.2) = 4.5679083	(D=0.)
  Ch(-2.) = 3.7621957	(D=-4.4408921e-16)
  Ch(-1.8) = 3.1074732	(D=-4.4408921e-16)
  Ch(-1.6) = 2.5774645	(D=4.4408921e-16)
  Ch(-1.4) = 2.1508985	(D=0.)
  Ch(-1.2) = 1.8106556	(D=-2.220446e-16)
  Ch(-1.) = 1.5430806	(D=-2.220446e-16)
  Ch(-0.8) = 1.3374349	(D=2.220446e-16)
  Ch(-0.6) = 1.1854652	(D=2.220446e-16)
  Ch(-0.4) = 1.0810724	(D=-2.220446e-16)
  Ch(-0.2) = 1.0200668	(D=0.)
  Ch(0.) = 1.	(D=0.)
  Ch(0.2) = 1.0200668	(D=0.)
  Ch(0.4) = 1.0810724	(D=0.)
  Ch(0.6) = 1.1854652	(D=0.)
  Ch(0.8) = 1.3374349	(D=0.)
  Ch(1.) = 1.5430806	(D=-2.220446e-16)
  Ch(1.2) = 1.8106556	(D=0.)
  Ch(1.4) = 2.1508985	(D=4.4408921e-16)
  Ch(1.6) = 2.5774645	(D=-4.4408921e-16)
  Ch(1.8) = 3.1074732	(D=0.)
  Ch(2.) = 3.7621957	(D=-4.4408921e-16)
  Ch(2.2) = 4.5679083	(D=0.)
  Ch(2.4) = 5.5569472	(D=8.8817842e-16)
  Ch(2.6) = 6.7690058	(D=8.8817842e-16)
  Ch(2.8) = 8.2527284	(D=0.)
  Ch(3.) = 10.067662	(D=0.)
Results: Count=30; Average diff=3.1086245e-16

Testing: ASin [50] (-0.9 .. 0.9 # 36)
  ASin(-0.9) = -1.1197695	(D=-7.0002649e-8)
  ASin(-0.85) = -1.0159853	(D=-1.3828827e-10)
  ASin(-0.8) = -0.92729522	(D=-2.1127544e-13)
  ASin(-0.75) = -0.84806208	(D=-1.110223e-16)
  ASin(-0.7) = -0.7753975	(D=1.110223e-16)
  ASin(-0.65) = -0.70758444	(D=4.4408921e-16)
  ASin(-0.6) = -0.64350111	(D=-3.3306691e-16)
  ASin(-0.55) = -0.58236424	(D=1.110223e-16)
  ASin(-0.5) = -0.52359878	(D=1.110223e-16)
  ASin(-0.45) = -0.46676534	(D=-1.110223e-16)
  ASin(-0.4) = -0.41151685	(D=0.)
  ASin(-0.35) = -0.3575711	(D=1.110223e-16)
  ASin(-0.3) = -0.30469265	(D=0.)
  ASin(-0.25) = -0.25268026	(D=0.)
  ASin(-0.2) = -0.20135792	(D=2.7755576e-17)
  ASin(-0.15) = -0.15056827	(D=0.)
  ASin(-0.1) = -0.10016742	(D=0.)
  ASin(-0.05) = -0.050020857	(D=6.9388939e-18)
  ASin(0.) = 0.	(D=0.)
  ASin(0.05) = 0.050020857	(D=-6.9388939e-18)
  ASin(0.1) = 0.10016742	(D=0.)
  ASin(0.15) = 0.15056827	(D=0.)
  ASin(0.2) = 0.20135792	(D=-2.7755576e-17)
  ASin(0.25) = 0.25268026	(D=0.)
  ASin(0.3) = 0.30469265	(D=5.5511151e-17)
  ASin(0.35) = 0.3575711	(D=-1.110223e-16)
  ASin(0.4) = 0.41151685	(D=0.)
  ASin(0.45) = 0.46676534	(D=1.110223e-16)
  ASin(0.5) = 0.52359878	(D=-1.110223e-16)
  ASin(0.55) = 0.58236424	(D=-1.110223e-16)
  ASin(0.6) = 0.64350111	(D=3.3306691e-16)
  ASin(0.65) = 0.70758444	(D=-4.4408921e-16)
  ASin(0.7) = 0.7753975	(D=-1.110223e-16)
  ASin(0.75) = 0.84806208	(D=2.220446e-16)
  ASin(0.8) = 0.92729522	(D=2.1138646e-13)
  ASin(0.85) = 1.0159853	(D=1.3828827e-10)
  ASin(0.9) = 1.1197695	(D=7.0002649e-8)
Results: Count=36; Average diff=3.8967306e-9

Testing: ACos [50] (-0.9 .. 0.9 # 36)
  ACos(-0.9) = 2.6905658	(D=7.0002649e-8)
  ACos(-0.85) = 2.5867816	(D=1.3828805e-10)
  ACos(-0.8) = 2.4980915	(D=2.1138646e-13)
  ACos(-0.75) = 2.4188584	(D=0.)
  ACos(-0.7) = 2.3461938	(D=-4.4408921e-16)
  ACos(-0.65) = 2.2783808	(D=-4.4408921e-16)
  ACos(-0.6) = 2.2142974	(D=0.)
  ACos(-0.55) = 2.1531606	(D=0.)
  ACos(-0.5) = 2.0943951	(D=0.)
  ACos(-0.45) = 2.0375617	(D=4.4408921e-16)
  ACos(-0.4) = 1.9823132	(D=0.)
  ACos(-0.35) = 1.9283674	(D=-2.220446e-16)
  ACos(-0.3) = 1.875489	(D=2.220446e-16)
  ACos(-0.25) = 1.8234766	(D=2.220446e-16)
  ACos(-0.2) = 1.7721542	(D=0.)
  ACos(-0.15) = 1.7213646	(D=2.220446e-16)
  ACos(-0.1) = 1.6709637	(D=0.)
  ACos(-0.05) = 1.6208172	(D=2.220446e-16)
  ACos(0.) = 1.5707963	(D=0.)
  ACos(0.05) = 1.5207755	(D=0.)
  ACos(0.1) = 1.4706289	(D=0.)
  ACos(0.15) = 1.4202281	(D=0.)
  ACos(0.2) = 1.3694384	(D=0.)
  ACos(0.25) = 1.3181161	(D=0.)
  ACos(0.3) = 1.2661037	(D=0.)
  ACos(0.35) = 1.2132252	(D=2.220446e-16)
  ACos(0.4) = 1.1592795	(D=0.)
  ACos(0.45) = 1.104031	(D=0.)
  ACos(0.5) = 1.0471976	(D=2.220446e-16)
  ACos(0.55) = 0.98843209	(D=1.110223e-16)
  ACos(0.6) = 0.92729522	(D=-2.220446e-16)
  ACos(0.65) = 0.86321189	(D=5.5511151e-16)
  ACos(0.7) = 0.79539883	(D=2.220446e-16)
  ACos(0.75) = 0.72273425	(D=-1.110223e-16)
  ACos(0.8) = 0.64350111	(D=-2.1127544e-13)
  ACos(0.85) = 0.55481103	(D=-1.3828827e-10)
  ACos(0.9) = 0.45102681	(D=-7.0002649e-8)
Results: Count=36; Average diff=3.8967306e-9

