Permutations of '1234' (length: 4):
	[4321]
	[3421]
	[3241]
	[3214]
	[4231]
	[2431]
	[2341]
	[2314]
	[4213]
	[2413]
	[2143]
	[2134]
	[4312]
	[3412]
	[3142]
	[3124]
	[4132]
	[1432]
	[1342]
	[1324]
	[4123]
	[1423]
	[1243]
	[1234]
(total: 24)

Permutations of 'ABCDF' (length: 5):
	[FDCBA]
	[DFCBA]
	[DCFBA]
	[DCBFA]
	[DCBAF]
	[FCDBA]
	[CFDBA]
	[CDFBA]
	[CDBFA]
	[CDBAF]
	[FCBDA]
	[CFBDA]
	[CBFDA]
	[CBDFA]
	[CBDAF]
	[FCBAD]
	[CFBAD]
	[CBFAD]
	[CBAFD]
	[CBADF]
	[FDBCA]
	[DFBCA]
	[DBFCA]
	[DBCFA]
	[DBCAF]
	[FBDCA]
	[BFDCA]
	[BDFCA]
	[BDCFA]
	[BDCAF]
	[FBCDA]
	[BFCDA]
	[BCFDA]
	[BCDFA]
	[BCDAF]
	[FBCAD]
	[BFCAD]
	[BCFAD]
	[BCAFD]
	[BCADF]
	[FDBAC]
	[DFBAC]
	[DBFAC]
	[DBAFC]
	[DBACF]
	[FBDAC]
	[BFDAC]
	[BDFAC]
	[BDAFC]
	[BDACF]
	[FBADC]
	[BFADC]
	[BAFDC]
	[BADFC]
	[BADCF]
	[FBACD]
	[BFACD]
	[BAFCD]
	[BACFD]
	[BACDF]
	[FDCAB]
	[DFCAB]
	[DCFAB]
	[DCAFB]
	[DCABF]
	[FCDAB]
	[CFDAB]
	[CDFAB]
	[CDAFB]
	[CDABF]
	[FCADB]
	[CFADB]
	[CAFDB]
	[CADFB]
	[CADBF]
	[FCABD]
	[CFABD]
	[CAFBD]
	[CABFD]
	[CABDF]
	[FDACB]
	[DFACB]
	[DAFCB]
	[DACFB]
	[DACBF]
	[FADCB]
	[AFDCB]
	[ADFCB]
	[ADCFB]
	[ADCBF]
	[FACDB]
	[AFCDB]
	[ACFDB]
	[ACDFB]
	[ACDBF]
	[FACBD]
	[AFCBD]
	[ACFBD]
	[ACBFD]
	[ACBDF]
	[FDABC]
	[DFABC]
	[DAFBC]
	[DABFC]
	[DABCF]
	[FADBC]
	[AFDBC]
	[ADFBC]
	[ADBFC]
	[ADBCF]
	[FABDC]
	[AFBDC]
	[ABFDC]
	[ABDFC]
	[ABDCF]
	[FABCD]
	[AFBCD]
	[ABFCD]
	[ABCFD]
	[ABCDF]
(total: 120)

Combinations of 'ABCDEFGH' (length: 8), by 4:
	[ABCD]
	[ABCE]
	[ABCF]
	[ABCG]
	[ABCH]
	[ABDE]
	[ABDF]
	[ABDG]
	[ABDH]
	[ABEF]
	[ABEG]
	[ABEH]
	[ABFG]
	[ABFH]
	[ABGH]
	[ACDE]
	[ACDF]
	[ACDG]
	[ACDH]
	[ACEF]
	[ACEG]
	[ACEH]
	[ACFG]
	[ACFH]
	[ACGH]
	[ADEF]
	[ADEG]
	[ADEH]
	[ADFG]
	[ADFH]
	[ADGH]
	[AEFG]
	[AEFH]
	[AEGH]
	[AFGH]
	[BCDE]
	[BCDF]
	[BCDG]
	[BCDH]
	[BCEF]
	[BCEG]
	[BCEH]
	[BCFG]
	[BCFH]
	[BCGH]
	[BDEF]
	[BDEG]
	[BDEH]
	[BDFG]
	[BDFH]
	[BDGH]
	[BEFG]
	[BEFH]
	[BEGH]
	[BFGH]
	[CDEF]
	[CDEG]
	[CDEH]
	[CDFG]
	[CDFH]
	[CDGH]
	[CEFG]
	[CEFH]
	[CEGH]
	[CFGH]
	[DEFG]
	[DEFH]
	[DEGH]
	[DFGH]
	[EFGH]
(total: 70)

Combinations of 'abcdefg' (length: 7), by 3:
	[abc]
	[abd]
	[abe]
	[abf]
	[abg]
	[acd]
	[ace]
	[acf]
	[acg]
	[ade]
	[adf]
	[adg]
	[aef]
	[aeg]
	[afg]
	[bcd]
	[bce]
	[bcf]
	[bcg]
	[bde]
	[bdf]
	[bdg]
	[bef]
	[beg]
	[bfg]
	[cde]
	[cdf]
	[cdg]
	[cef]
	[ceg]
	[cfg]
	[def]
	[deg]
	[dfg]
	[efg]
(total: 35)

Combinations of '13579' (length: 5), by 2:
	[13]
	[15]
	[17]
	[19]
	[35]
	[37]
	[39]
	[57]
	[59]
	[79]
(total: 10)

Combinations of '123456789' (length: 9), by 5:
	[12345]
	[12346]
	[12347]
	[12348]
	[12349]
	[12356]
	[12357]
	[12358]
	[12359]
	[12367]
	[12368]
	[12369]
	[12378]
	[12379]
	[12389]
	[12456]
	[12457]
	[12458]
	[12459]
	[12467]
	[12468]
	[12469]
	[12478]
	[12479]
	[12489]
	[12567]
	[12568]
	[12569]
	[12578]
	[12579]
	[12589]
	[12678]
	[12679]
	[12689]
	[12789]
	[13456]
	[13457]
	[13458]
	[13459]
	[13467]
	[13468]
	[13469]
	[13478]
	[13479]
	[13489]
	[13567]
	[13568]
	[13569]
	[13578]
	[13579]
	[13589]
	[13678]
	[13679]
	[13689]
	[13789]
	[14567]
	[14568]
	[14569]
	[14578]
	[14579]
	[14589]
	[14678]
	[14679]
	[14689]
	[14789]
	[15678]
	[15679]
	[15689]
	[15789]
	[16789]
	[23456]
	[23457]
	[23458]
	[23459]
	[23467]
	[23468]
	[23469]
	[23478]
	[23479]
	[23489]
	[23567]
	[23568]
	[23569]
	[23578]
	[23579]
	[23589]
	[23678]
	[23679]
	[23689]
	[23789]
	[24567]
	[24568]
	[24569]
	[24578]
	[24579]
	[24589]
	[24678]
	[24679]
	[24689]
	[24789]
	[25678]
	[25679]
	[25689]
	[25789]
	[26789]
	[34567]
	[34568]
	[34569]
	[34578]
	[34579]
	[34589]
	[34678]
	[34679]
	[34689]
	[34789]
	[35678]
	[35679]
	[35689]
	[35789]
	[36789]
	[45678]
	[45679]
	[45689]
	[45789]
	[46789]
	[56789]
(total: 126)

