[25] = [-7, -4, -1, 2, 5, 8, 11, 14, 17, 20, 23, 26, 29, 32, 35, 38, 41, 44, 47, 50, 53, 56, 59, 62, 65]
(Sum (25) = 725)
[32] = [-10, -6, -2, 2, 6, 10, 14, 18, 22, 26, 30, 34, 38, 42, 46, 50, 54, 58, 62, 66, 70, 74, 78, 82, 86, 90, 94, 98, 102, 106, 110, 114]
(Sum (32) = 1664)
[16] = [20, 15, 10, 5, 0, -5, -10, -15, -20, -25, -30, -35, -40, -45, -50, -55]
(Sum (16) = -280)
[7 9] = [[0, 1, 2, 3, 4, 5, 6, 7, 8], [10, 11, 12, 13, 14, 15, 16, 17, 18], [20, 21, 22, 23, 24, 25, 26, 27, 28], [30, 31, 32, 33, 34, 35, 36, 37, 38], [40, 41, 42, 43, 44, 45, 46, 47, 48], [50, 51, 52, 53, 54, 55, 56, 57, 58], [60, 61, 62, 63, 64, 65, 66, 67, 68]]
(Sum (63) = 2142)
[8 5] = [[0, 100, 200, 300, 400], [1, 101, 201, 301, 401], [2, 102, 202, 302, 402], [3, 103, 203, 303, 403], [4, 104, 204, 304, 404], [5, 105, 205, 305, 405], [6, 106, 206, 306, 406], [7, 107, 207, 307, 407]]
(Sum (40) = 8140)
[9 6 3] = [[[0, 1, 2], [10, 11, 12], [20, 21, 22], [30, 31, 32], [40, 41, 42], [50, 51, 52]], [[100, 101, 102], [110, 111, 112], [120, 121, 122], [130, 131, 132], [140, 141, 142], [150, 151, 152]], [[200, 201, 202], [210, 211, 212], [220, 221, 222], [230, 231, 232], [240, 241, 242], [250, 251, 252]], [[300, 301, 302], [310, 311, 312], [320, 321, 322], [330, 331, 332], [340, 341, 342], [350, 351, 352]], [[400, 401, 402], [410, 411, 412], [420, 421, 422], [430, 431, 432], [440, 441, 442], [450, 451, 452]], [[500, 501, 502], [510, 511, 512], [520, 521, 522], [530, 531, 532], [540, 541, 542], [550, 551, 552]], [[600, 601, 602], [610, 611, 612], [620, 621, 622], [630, 631, 632], [640, 641, 642], [650, 651, 652]], [[700, 701, 702], [710, 711, 712], [720, 721, 722], [730, 731, 732], [740, 741, 742], [750, 751, 752]], [[800, 801, 802], [810, 811, 812], [820, 821, 822], [830, 831, 832], [840, 841, 842], [850, 851, 852]]]
(Sum (162) = 69012)
[2 5 6] = [[[0, 100, 200, 300, 400, 500], [10, 110, 210, 310, 410, 510], [20, 120, 220, 320, 420, 520], [30, 130, 230, 330, 430, 530], [40, 140, 240, 340, 440, 540]], [[1, 101, 201, 301, 401, 501], [11, 111, 211, 311, 411, 511], [21, 121, 221, 321, 421, 521], [31, 131, 231, 331, 431, 531], [41, 141, 241, 341, 441, 541]]]
(Sum (60) = 16230)
[10] = [5, 11, 17, 23, 29, 35, 41, 47, 53, 59]
(Sum (10) = 320)
[10] = [12, 19, 26, 33, 40, 47, 54, 61, 68, 75]
(Sum (10) = 435)
[6 8] = [[0, 1, 2, 3, 4, 5, 6, 7], [10, 11, 12, 13, 14, 15, 16, 17], [20, 21, 22, 23, 24, 25, 26, 27], [30, 31, 32, 33, 34, 35, 36, 37], [40, 41, 42, 43, 44, 45, 46, 47], [50, 51, 52, 53, 54, 55, 56, 57]]
(Sum (48) = 1368)
[9 5] = [[0, 10, 20, 30, 40], [1, 11, 21, 31, 41], [2, 12, 22, 32, 42], [3, 13, 23, 33, 43], [4, 14, 24, 34, 44], [5, 15, 25, 35, 45], [6, 16, 26, 36, 46], [7, 17, 27, 37, 47], [8, 18, 28, 38, 48]]
(Sum (45) = 1080)
[3 5 6] = [[[0, 1, 2, 3, 4, 5], [10, 11, 12, 13, 14, 15], [20, 21, 22, 23, 24, 25], [30, 31, 32, 33, 34, 35], [40, 41, 42, 43, 44, 45]], [[100, 101, 102, 103, 104, 105], [110, 111, 112, 113, 114, 115], [120, 121, 122, 123, 124, 125], [130, 131, 132, 133, 134, 135], [140, 141, 142, 143, 144, 145]], [[200, 201, 202, 203, 204, 205], [210, 211, 212, 213, 214, 215], [220, 221, 222, 223, 224, 225], [230, 231, 232, 233, 234, 235], [240, 241, 242, 243, 244, 245]]]
(Sum (90) = 11025)
[9 7 3] = [[[0, 100, 200], [10, 110, 210], [20, 120, 220], [30, 130, 230], [40, 140, 240], [50, 150, 250], [60, 160, 260]], [[1, 101, 201], [11, 111, 211], [21, 121, 221], [31, 131, 231], [41, 141, 241], [51, 151, 251], [61, 161, 261]], [[2, 102, 202], [12, 112, 212], [22, 122, 222], [32, 132, 232], [42, 142, 242], [52, 152, 252], [62, 162, 262]], [[3, 103, 203], [13, 113, 213], [23, 123, 223], [33, 133, 233], [43, 143, 243], [53, 153, 253], [63, 163, 263]], [[4, 104, 204], [14, 114, 214], [24, 124, 224], [34, 134, 234], [44, 144, 244], [54, 154, 254], [64, 164, 264]], [[5, 105, 205], [15, 115, 215], [25, 125, 225], [35, 135, 235], [45, 145, 245], [55, 155, 255], [65, 165, 265]], [[6, 106, 206], [16, 116, 216], [26, 126, 226], [36, 136, 236], [46, 146, 246], [56, 156, 256], [66, 166, 266]], [[7, 107, 207], [17, 117, 217], [27, 127, 227], [37, 137, 237], [47, 147, 247], [57, 157, 257], [67, 167, 267]], [[8, 108, 208], [18, 118, 218], [28, 128, 228], [38, 138, 238], [48, 148, 248], [58, 158, 258], [68, 168, 268]]]
(Sum (189) = 25326)
