Check codec: UTF-8 (blocks: 32)...
0..100: 	OK (inout=256, enc=384)
100..200: 	OK (inout=512, enc=896)
200..300: 	OK (inout=768, enc=1408)
300..400: 	OK (inout=1024, enc=1920)
400..500: 	OK (inout=1280, enc=2432)
500..600: 	OK (inout=1536, enc=2944)
600..700: 	OK (inout=1792, enc=3456)
700..800: 	OK (inout=2048, enc=3968)
800..900: 	OK (inout=2304, enc=4736)
900..A00: 	OK (inout=2560, enc=5504)
A00..B00: 	OK (inout=2816, enc=6272)
B00..C00: 	OK (inout=3072, enc=7040)
C00..D00: 	OK (inout=3328, enc=7808)
D00..E00: 	OK (inout=3584, enc=8576)
E00..F00: 	OK (inout=3840, enc=9344)
F00..1000: 	OK (inout=4096, enc=10112)
1000..1100: 	OK (inout=4352, enc=10880)
1100..1200: 	OK (inout=4608, enc=11648)
1200..1300: 	OK (inout=4864, enc=12416)
1300..1400: 	OK (inout=5120, enc=13184)
1400..1500: 	OK (inout=5376, enc=13952)
1500..1600: 	OK (inout=5632, enc=14720)
1600..1700: 	OK (inout=5888, enc=15488)
1700..1800: 	OK (inout=6144, enc=16256)
1800..1900: 	OK (inout=6400, enc=17024)
1900..1A00: 	OK (inout=6656, enc=17792)
1A00..1B00: 	OK (inout=6912, enc=18560)
1B00..1C00: 	OK (inout=7168, enc=19328)
1C00..1D00: 	OK (inout=7424, enc=20096)
1D00..1E00: 	OK (inout=7680, enc=20864)
1E00..1F00: 	OK (inout=7936, enc=21632)
1F00..2000: 	OK (inout=8192, enc=22400)
(Total failures: 0).

Check codec: UTF-16/LE (blocks: 32)...
0..100: 	OK (inout=256, enc=512)
100..200: 	OK (inout=512, enc=1024)
200..300: 	OK (inout=768, enc=1536)
300..400: 	OK (inout=1024, enc=2048)
400..500: 	OK (inout=1280, enc=2560)
500..600: 	OK (inout=1536, enc=3072)
600..700: 	OK (inout=1792, enc=3584)
700..800: 	OK (inout=2048, enc=4096)
800..900: 	OK (inout=2304, enc=4608)
900..A00: 	OK (inout=2560, enc=5120)
A00..B00: 	OK (inout=2816, enc=5632)
B00..C00: 	OK (inout=3072, enc=6144)
C00..D00: 	OK (inout=3328, enc=6656)
D00..E00: 	OK (inout=3584, enc=7168)
E00..F00: 	OK (inout=3840, enc=7680)
F00..1000: 	OK (inout=4096, enc=8192)
1000..1100: 	OK (inout=4352, enc=8704)
1100..1200: 	OK (inout=4608, enc=9216)
1200..1300: 	OK (inout=4864, enc=9728)
1300..1400: 	OK (inout=5120, enc=10240)
1400..1500: 	OK (inout=5376, enc=10752)
1500..1600: 	OK (inout=5632, enc=11264)
1600..1700: 	OK (inout=5888, enc=11776)
1700..1800: 	OK (inout=6144, enc=12288)
1800..1900: 	OK (inout=6400, enc=12800)
1900..1A00: 	OK (inout=6656, enc=13312)
1A00..1B00: 	OK (inout=6912, enc=13824)
1B00..1C00: 	OK (inout=7168, enc=14336)
1C00..1D00: 	OK (inout=7424, enc=14848)
1D00..1E00: 	OK (inout=7680, enc=15360)
1E00..1F00: 	OK (inout=7936, enc=15872)
1F00..2000: 	OK (inout=8192, enc=16384)
(Total failures: 0).

Check codec: UTF-16/BE (blocks: 32)...
0..100: 	OK (inout=256, enc=512)
100..200: 	OK (inout=512, enc=1024)
200..300: 	OK (inout=768, enc=1536)
300..400: 	OK (inout=1024, enc=2048)
400..500: 	OK (inout=1280, enc=2560)
500..600: 	OK (inout=1536, enc=3072)
600..700: 	OK (inout=1792, enc=3584)
700..800: 	OK (inout=2048, enc=4096)
800..900: 	OK (inout=2304, enc=4608)
900..A00: 	OK (inout=2560, enc=5120)
A00..B00: 	OK (inout=2816, enc=5632)
B00..C00: 	OK (inout=3072, enc=6144)
C00..D00: 	OK (inout=3328, enc=6656)
D00..E00: 	OK (inout=3584, enc=7168)
E00..F00: 	OK (inout=3840, enc=7680)
F00..1000: 	OK (inout=4096, enc=8192)
1000..1100: 	OK (inout=4352, enc=8704)
1100..1200: 	OK (inout=4608, enc=9216)
1200..1300: 	OK (inout=4864, enc=9728)
1300..1400: 	OK (inout=5120, enc=10240)
1400..1500: 	OK (inout=5376, enc=10752)
1500..1600: 	OK (inout=5632, enc=11264)
1600..1700: 	OK (inout=5888, enc=11776)
1700..1800: 	OK (inout=6144, enc=12288)
1800..1900: 	OK (inout=6400, enc=12800)
1900..1A00: 	OK (inout=6656, enc=13312)
1A00..1B00: 	OK (inout=6912, enc=13824)
1B00..1C00: 	OK (inout=7168, enc=14336)
1C00..1D00: 	OK (inout=7424, enc=14848)
1D00..1E00: 	OK (inout=7680, enc=15360)
1E00..1F00: 	OK (inout=7936, enc=15872)
1F00..2000: 	OK (inout=8192, enc=16384)
(Total failures: 0).

Check codec: UTF-32/LE (blocks: 32)...
0..100: 	OK (inout=256, enc=1024)
100..200: 	OK (inout=512, enc=2048)
200..300: 	OK (inout=768, enc=3072)
300..400: 	OK (inout=1024, enc=4096)
400..500: 	OK (inout=1280, enc=5120)
500..600: 	OK (inout=1536, enc=6144)
600..700: 	OK (inout=1792, enc=7168)
700..800: 	OK (inout=2048, enc=8192)
800..900: 	OK (inout=2304, enc=9216)
900..A00: 	OK (inout=2560, enc=10240)
A00..B00: 	OK (inout=2816, enc=11264)
B00..C00: 	OK (inout=3072, enc=12288)
C00..D00: 	OK (inout=3328, enc=13312)
D00..E00: 	OK (inout=3584, enc=14336)
E00..F00: 	OK (inout=3840, enc=15360)
F00..1000: 	OK (inout=4096, enc=16384)
1000..1100: 	OK (inout=4352, enc=17408)
1100..1200: 	OK (inout=4608, enc=18432)
1200..1300: 	OK (inout=4864, enc=19456)
1300..1400: 	OK (inout=5120, enc=20480)
1400..1500: 	OK (inout=5376, enc=21504)
1500..1600: 	OK (inout=5632, enc=22528)
1600..1700: 	OK (inout=5888, enc=23552)
1700..1800: 	OK (inout=6144, enc=24576)
1800..1900: 	OK (inout=6400, enc=25600)
1900..1A00: 	OK (inout=6656, enc=26624)
1A00..1B00: 	OK (inout=6912, enc=27648)
1B00..1C00: 	OK (inout=7168, enc=28672)
1C00..1D00: 	OK (inout=7424, enc=29696)
1D00..1E00: 	OK (inout=7680, enc=30720)
1E00..1F00: 	OK (inout=7936, enc=31744)
1F00..2000: 	OK (inout=8192, enc=32768)
(Total failures: 0).

Check codec: UTF-32/BE (blocks: 32)...
0..100: 	OK (inout=256, enc=1024)
100..200: 	OK (inout=512, enc=2048)
200..300: 	OK (inout=768, enc=3072)
300..400: 	OK (inout=1024, enc=4096)
400..500: 	OK (inout=1280, enc=5120)
500..600: 	OK (inout=1536, enc=6144)
600..700: 	OK (inout=1792, enc=7168)
700..800: 	OK (inout=2048, enc=8192)
800..900: 	OK (inout=2304, enc=9216)
900..A00: 	OK (inout=2560, enc=10240)
A00..B00: 	OK (inout=2816, enc=11264)
B00..C00: 	OK (inout=3072, enc=12288)
C00..D00: 	OK (inout=3328, enc=13312)
D00..E00: 	OK (inout=3584, enc=14336)
E00..F00: 	OK (inout=3840, enc=15360)
F00..1000: 	OK (inout=4096, enc=16384)
1000..1100: 	OK (inout=4352, enc=17408)
1100..1200: 	OK (inout=4608, enc=18432)
1200..1300: 	OK (inout=4864, enc=19456)
1300..1400: 	OK (inout=5120, enc=20480)
1400..1500: 	OK (inout=5376, enc=21504)
1500..1600: 	OK (inout=5632, enc=22528)
1600..1700: 	OK (inout=5888, enc=23552)
1700..1800: 	OK (inout=6144, enc=24576)
1800..1900: 	OK (inout=6400, enc=25600)
1900..1A00: 	OK (inout=6656, enc=26624)
1A00..1B00: 	OK (inout=6912, enc=27648)
1B00..1C00: 	OK (inout=7168, enc=28672)
1C00..1D00: 	OK (inout=7424, enc=29696)
1D00..1E00: 	OK (inout=7680, enc=30720)
1E00..1F00: 	OK (inout=7936, enc=31744)
1F00..2000: 	OK (inout=8192, enc=32768)
(Total failures: 0).

Check codec: SMBC (blocks: 32)...
0..100: 	OK (inout=256, enc=264)
100..200: 	OK (inout=512, enc=1032)
200..300: 	OK (inout=768, enc=1800)
300..400: 	OK (inout=1024, enc=2568)
400..500: 	OK (inout=1280, enc=3336)
500..600: 	OK (inout=1536, enc=4104)
600..700: 	OK (inout=1792, enc=4872)
700..800: 	OK (inout=2048, enc=5640)
800..900: 	OK (inout=2304, enc=6408)
900..A00: 	OK (inout=2560, enc=7176)
A00..B00: 	OK (inout=2816, enc=7944)
B00..C00: 	OK (inout=3072, enc=8712)
C00..D00: 	OK (inout=3328, enc=9480)
D00..E00: 	OK (inout=3584, enc=10248)
E00..F00: 	OK (inout=3840, enc=11016)
F00..1000: 	OK (inout=4096, enc=11784)
1000..1100: 	OK (inout=4352, enc=12552)
1100..1200: 	OK (inout=4608, enc=13320)
1200..1300: 	OK (inout=4864, enc=14088)
1300..1400: 	OK (inout=5120, enc=14856)
1400..1500: 	OK (inout=5376, enc=15624)
1500..1600: 	OK (inout=5632, enc=16392)
1600..1700: 	OK (inout=5888, enc=17160)
1700..1800: 	OK (inout=6144, enc=17928)
1800..1900: 	OK (inout=6400, enc=18696)
1900..1A00: 	OK (inout=6656, enc=19464)
1A00..1B00: 	OK (inout=6912, enc=20232)
1B00..1C00: 	OK (inout=7168, enc=21000)
1C00..1D00: 	OK (inout=7424, enc=21768)
1D00..1E00: 	OK (inout=7680, enc=22536)
1E00..1F00: 	OK (inout=7936, enc=23304)
1F00..2000: 	OK (inout=8192, enc=24072)
(Total failures: 0).

Check codec: Hexdump (blocks: 32)...
0..100: 	OK (inout=256, enc=1007)
100..200: 	OK (inout=512, enc=2287)
200..300: 	OK (inout=768, enc=3567)
300..400: 	OK (inout=1024, enc=4847)
400..500: 	OK (inout=1280, enc=6127)
500..600: 	OK (inout=1536, enc=7407)
600..700: 	OK (inout=1792, enc=8687)
700..800: 	OK (inout=2048, enc=9967)
800..900: 	OK (inout=2304, enc=11247)
900..A00: 	OK (inout=2560, enc=12527)
A00..B00: 	OK (inout=2816, enc=13807)
B00..C00: 	OK (inout=3072, enc=15087)
C00..D00: 	OK (inout=3328, enc=16367)
D00..E00: 	OK (inout=3584, enc=17647)
E00..F00: 	OK (inout=3840, enc=18927)
F00..1000: 	OK (inout=4096, enc=20207)
1000..1100: 	OK (inout=4352, enc=21743)
1100..1200: 	OK (inout=4608, enc=23279)
1200..1300: 	OK (inout=4864, enc=24815)
1300..1400: 	OK (inout=5120, enc=26351)
1400..1500: 	OK (inout=5376, enc=27887)
1500..1600: 	OK (inout=5632, enc=29423)
1600..1700: 	OK (inout=5888, enc=30959)
1700..1800: 	OK (inout=6144, enc=32495)
1800..1900: 	OK (inout=6400, enc=34031)
1900..1A00: 	OK (inout=6656, enc=35567)
1A00..1B00: 	OK (inout=6912, enc=37103)
1B00..1C00: 	OK (inout=7168, enc=38639)
1C00..1D00: 	OK (inout=7424, enc=40175)
1D00..1E00: 	OK (inout=7680, enc=41711)
1E00..1F00: 	OK (inout=7936, enc=43247)
1F00..2000: 	OK (inout=8192, enc=44783)
(Total failures: 0).

Testing codepages encode/decode...
	Testing 'cp1250': (decode_len=256) :match OK [1] match OK [2] 
	{ 0:[182] 100:[52] 200:[5] 2000:[16] 2100:[1] }
	Testing 'cp1251': (decode_len=256) :match OK [1] match OK [2] 
	{ 0:[144] 400:[94] 2000:[16] 2100:[2] }
	Testing 'cp1252': (decode_len=256) :match OK [1] match OK [2] 
	{ 0:[229] 100:[8] 200:[2] 2000:[16] 2100:[1] }
	Testing 'cp1253': (decode_len=256) :match OK [1] match OK [2] 
	{ 0:[166] 100:[1] 300:[71] 2000:[17] 2100:[1] }
	Testing 'cp1254': (decode_len=256) :match OK [1] match OK [2] 
	{ 0:[225] 100:[12] 200:[2] 2000:[16] 2100:[1] }
	Testing 'cp1255': (decode_len=256) :match OK [1] match OK [2] 
	{ 0:[182] 100:[1] 200:[2] 500:[51] 2000:[19] 2100:[1] }
	Testing 'cp1256': (decode_len=256) :match OK [1] match OK [2] 
	{ 0:[171] 100:[3] 200:[1] 600:[60] 2000:[20] 2100:[1] }
	Testing 'cp1257': (decode_len=256) :match OK [1] match OK [2] 
	{ 0:[188] 100:[48] 200:[3] 2000:[16] 2100:[1] }
	Testing 'cp1258': (decode_len=256) :match OK [1] match OK [2] 
	{ 0:[219] 100:[12] 200:[2] 300:[5] 2000:[17] 2100:[1] }
	Testing '8859_1': (decode_len=256) :match OK [1] match OK [2] 
	{ 0:[256] }
	Testing '8859_2': (decode_len=256) :match OK [1] match OK [2] 
	{ 0:[199] 100:[52] 200:[5] }
	Testing '8859_3': (decode_len=256) :match OK [1] match OK [2] 
	{ 0:[228] 100:[26] 200:[2] }
	Testing '8859_4': (decode_len=256) :match OK [1] match OK [2] 
	{ 0:[206] 100:[47] 200:[3] }
	Testing '8859_5': (decode_len=256) :match OK [1] match OK [2] 
	{ 0:[163] 400:[92] 2100:[1] }
	Testing '8859_6': (decode_len=256) :match OK [1] match OK [2] 
	{ 0:[208] 600:[48] }
	Testing '8859_7': (decode_len=256) :match OK [1] match OK [2] 
	{ 0:[179] 300:[72] 2000:[5] }
	Testing '8859_8': (decode_len=256) :unmatched [1]! unmatched [2]! 
	{ 0:[226] 500:[27] 2000:[3] }
	Testing '8859_9': (decode_len=256) :match OK [1] match OK [2] 
	{ 0:[250] 100:[6] }
	Testing '8859_10': (decode_len=256) :match OK [1] match OK [2] 
	{ 0:[210] 100:[45] 2000:[1] }
	Testing '8859_11': (decode_len=256) :match OK [1] match OK [2] 
	{ 0:[169] E00:[87] }
	Testing '8859_13': (decode_len=256) :match OK [1] match OK [2] 
	{ 0:[204] 100:[48] 2000:[4] }
	Testing '8859_14': (decode_len=256) :match OK [1] match OK [2] 
	{ 0:[225] 100:[9] 1E00:[22] }
	Testing '8859_15': (decode_len=256) :match OK [1] match OK [2] 
	{ 0:[248] 100:[7] 2000:[1] }
	Testing '8859_16': (decode_len=256) :match OK [1] match OK [2] 
	{ 0:[216] 100:[33] 200:[4] 2000:[3] }
