Check binary: add: on (11, 22, 33, 44, 55, 66)
11:
	11 (*) 22 =	33
	11 (*) 33 =	44
	11 (*) 44 =	55
	11 (*) 55 =	66
	11 (*) 66 =	77
22:
	22 (*) 33 =	55
	22 (*) 44 =	66
	22 (*) 55 =	77
	22 (*) 66 =	88
33:
	33 (*) 44 =	77
	33 (*) 55 =	88
	33 (*) 66 =	99
44:
	44 (*) 55 =	99
	44 (*) 66 =	110
55:
	55 (*) 66 =	121
66:
done.

Check binary: add: on (10.02, 20.04, 30.06, 40.08)
10.02:
	10.02 (*) 20.04 =	30.06
	10.02 (*) 30.06 =	40.08
	10.02 (*) 40.08 =	50.1
20.04:
	20.04 (*) 30.06 =	50.1
	20.04 (*) 40.08 =	60.12
30.06:
	30.06 (*) 40.08 =	70.14
40.08:
done.

Check binary: add: on ("12aB", "23cD", "34eF", "45gH", "56iJ", "67kL", "78mN")
12aB:
	12aB (*) 23cD =	35
	12aB (*) 34eF =	46
	12aB (*) 45gH =	57
	12aB (*) 56iJ =	68
	12aB (*) 67kL =	79
	12aB (*) 78mN =	90
23cD:
	23cD (*) 34eF =	57
	23cD (*) 45gH =	68
	23cD (*) 56iJ =	79
	23cD (*) 67kL =	90
	23cD (*) 78mN =	101
34eF:
	34eF (*) 45gH =	79
	34eF (*) 56iJ =	90
	34eF (*) 67kL =	101
	34eF (*) 78mN =	112
45gH:
	45gH (*) 56iJ =	101
	45gH (*) 67kL =	112
	45gH (*) 78mN =	123
56iJ:
	56iJ (*) 67kL =	123
	56iJ (*) 78mN =	134
67kL:
	67kL (*) 78mN =	145
78mN:
done.

Check binary: s_cat: on (11, 22, 33, 44, 55, 66)
11:
	11 (*) 22 =	1122
	11 (*) 33 =	1133
	11 (*) 44 =	1144
	11 (*) 55 =	1155
	11 (*) 66 =	1166
22:
	22 (*) 33 =	2233
	22 (*) 44 =	2244
	22 (*) 55 =	2255
	22 (*) 66 =	2266
33:
	33 (*) 44 =	3344
	33 (*) 55 =	3355
	33 (*) 66 =	3366
44:
	44 (*) 55 =	4455
	44 (*) 66 =	4466
55:
	55 (*) 66 =	5566
66:
done.

Check binary: s_cat: on (10.02, 20.04, 30.06, 40.08)
10.02:
	10.02 (*) 20.04 =	10.0220.04
	10.02 (*) 30.06 =	10.0230.06
	10.02 (*) 40.08 =	10.0240.08
20.04:
	20.04 (*) 30.06 =	20.0430.06
	20.04 (*) 40.08 =	20.0440.08
30.06:
	30.06 (*) 40.08 =	30.0640.08
40.08:
done.

Check binary: s_cat: on ("12aB", "23cD", "34eF", "45gH", "56iJ", "67kL", "78mN")
12aB:
	12aB (*) 23cD =	12aB23cD
	12aB (*) 34eF =	12aB34eF
	12aB (*) 45gH =	12aB45gH
	12aB (*) 56iJ =	12aB56iJ
	12aB (*) 67kL =	12aB67kL
	12aB (*) 78mN =	12aB78mN
23cD:
	23cD (*) 34eF =	23cD34eF
	23cD (*) 45gH =	23cD45gH
	23cD (*) 56iJ =	23cD56iJ
	23cD (*) 67kL =	23cD67kL
	23cD (*) 78mN =	23cD78mN
34eF:
	34eF (*) 45gH =	34eF45gH
	34eF (*) 56iJ =	34eF56iJ
	34eF (*) 67kL =	34eF67kL
	34eF (*) 78mN =	34eF78mN
45gH:
	45gH (*) 56iJ =	45gH56iJ
	45gH (*) 67kL =	45gH67kL
	45gH (*) 78mN =	45gH78mN
56iJ:
	56iJ (*) 67kL =	56iJ67kL
	56iJ (*) 78mN =	56iJ78mN
67kL:
	67kL (*) 78mN =	67kL78mN
78mN:
done.

Check binary: idiv: on (66, 55, 44, 33, 22, 11)
66:
	66 (*) 55 =	1
	66 (*) 44 =	1
	66 (*) 33 =	2
	66 (*) 22 =	3
	66 (*) 11 =	6
55:
	55 (*) 44 =	1
	55 (*) 33 =	1
	55 (*) 22 =	2
	55 (*) 11 =	5
44:
	44 (*) 33 =	1
	44 (*) 22 =	2
	44 (*) 11 =	4
33:
	33 (*) 22 =	1
	33 (*) 11 =	3
22:
	22 (*) 11 =	2
11:
done.

Check binary: idiv: on (40.08, 30.06, 20.04, 10.02)
40.08:
	40.08 (*) 30.06 =	1
	40.08 (*) 20.04 =	2
	40.08 (*) 10.02 =	4
30.06:
	30.06 (*) 20.04 =	1
	30.06 (*) 10.02 =	3
20.04:
	20.04 (*) 10.02 =	2
10.02:
done.

Check binary: idiv: on ("78mN", "67kL", "56iJ", "45gH", "34eF", "23cD", "12aB")
78mN:
	78mN (*) 67kL =	1
	78mN (*) 56iJ =	1
	78mN (*) 45gH =	1
	78mN (*) 34eF =	2
	78mN (*) 23cD =	3
	78mN (*) 12aB =	6
67kL:
	67kL (*) 56iJ =	1
	67kL (*) 45gH =	1
	67kL (*) 34eF =	1
	67kL (*) 23cD =	2
	67kL (*) 12aB =	5
56iJ:
	56iJ (*) 45gH =	1
	56iJ (*) 34eF =	1
	56iJ (*) 23cD =	2
	56iJ (*) 12aB =	4
45gH:
	45gH (*) 34eF =	1
	45gH (*) 23cD =	1
	45gH (*) 12aB =	3
34eF:
	34eF (*) 23cD =	1
	34eF (*) 12aB =	2
23cD:
	23cD (*) 12aB =	1
12aB:
done.

Check unary: neg: on (11, 22, 33, 44, 55, 66)
11:	-11
22:	-22
33:	-33
44:	-44
55:	-55
66:	-66
done.

Check unary: neg: on (10.02, 20.04, 30.06, 40.08)
10.02:	-10.02
20.04:	-20.04
30.06:	-30.06
40.08:	-40.08
done.

Check unary: neg: on ("12aB", "23cD", "34eF", "45gH", "56iJ", "67kL", "78mN")
12aB:	-12
23cD:	-23
34eF:	-34
45gH:	-45
56iJ:	-56
67kL:	-67
78mN:	-78
done.

Check unary: s_rev: on (11, 22, 33, 44, 55, 66)
11:	11
22:	22
33:	33
44:	44
55:	55
66:	66
done.

Check unary: s_rev: on (10.02, 20.04, 30.06, 40.08)
10.02:	20.01
20.04:	40.02
30.06:	60.03
40.08:	80.04
done.

Check unary: s_rev: on ("12aB", "23cD", "34eF", "45gH", "56iJ", "67kL", "78mN")
12aB:	Ba21
23cD:	Dc32
34eF:	Fe43
45gH:	Hg54
56iJ:	Ji65
67kL:	Lk76
78mN:	Nm87
done.

Check unary: not: on (11, 22, 33, 44, 55, 66)
11:	-12
22:	-23
33:	-34
44:	-45
55:	-56
66:	-67
done.

Check unary: not: on (10.02, 20.04, 30.06, 40.08)
10.02:	-11
20.04:	-21
30.06:	-31
40.08:	-41
done.

Check unary: not: on ("12aB", "23cD", "34eF", "45gH", "56iJ", "67kL", "78mN")
12aB:	-13
23cD:	-24
34eF:	-35
45gH:	-46
56iJ:	-57
67kL:	-68
78mN:	-79
done.

Check binary matrix: add: on (11, 22, 33, 44, 55, 66) [*] (10.02, 20.04, 30.06, 40.08)
11:	21.02	31.04	41.06	51.08
22:	32.02	42.04	52.06	62.08
33:	43.02	53.04	63.06	73.08
44:	54.02	64.04	74.06	84.08
55:	65.02	75.04	85.06	95.08
66:	76.02	86.04	96.06	106.08
done.

Check binary matrix: sub: on (10.02, 20.04, 30.06, 40.08) [*] (11, 22, 33, 44, 55, 66)
10.02:	-0.98	-11.98	-22.98	-33.98	-44.98	-55.98
20.04:	9.04	-1.96	-12.96	-23.96	-34.96	-45.96
30.06:	19.06	8.06	-2.94	-13.94	-24.94	-35.94
40.08:	29.08	18.08	7.08	-3.92	-14.92	-25.92
done.

Check binary matrix: and: on (1, 2, 4, 8, 16, 32, 64, 128) [*] (1, 2, 4, 8, 16, 32, 64, 128)
1:	1	0	0	0	0	0	0	0
2:	0	2	0	0	0	0	0	0
4:	0	0	4	0	0	0	0	0
8:	0	0	0	8	0	0	0	0
16:	0	0	0	0	16	0	0	0
32:	0	0	0	0	0	32	0	0
64:	0	0	0	0	0	0	64	0
128:	0	0	0	0	0	0	0	128
done.

Check binary matrix: or: on (1, 2, 4, 8, 16, 32, 64, 128) [*] (1, 2, 4, 8, 16, 32, 64, 128)
1:	1	3	5	9	17	33	65	129
2:	3	2	6	10	18	34	66	130
4:	5	6	4	12	20	36	68	132
8:	9	10	12	8	24	40	72	136
16:	17	18	20	24	16	48	80	144
32:	33	34	36	40	48	32	96	160
64:	65	66	68	72	80	96	64	192
128:	129	130	132	136	144	160	192	128
done.

Check binary matrix: xor: on (1, 2, 4, 8, 16, 32, 64, 128) [*] (1, 2, 4, 8, 16, 32, 64, 128)
1:	0	3	5	9	17	33	65	129
2:	3	0	6	10	18	34	66	130
4:	5	6	0	12	20	36	68	132
8:	9	10	12	0	24	40	72	136
16:	17	18	20	24	0	48	80	144
32:	33	34	36	40	48	0	96	160
64:	65	66	68	72	80	96	0	192
128:	129	130	132	136	144	160	192	0
done.

Check binary matrix: xor: on (11, 22, 33, 44, 55, 66) [*] (10.02, 20.04, 30.06, 40.08)
11:	1	31	21	35
22:	28	2	8	62
33:	43	53	63	9
44:	38	56	50	4
55:	61	35	41	31
66:	72	86	92	106
done.

Check binary matrix: xor: on (10.02, 20.04, 30.06, 40.08) [*] ("12aB", "23cD", "34eF", "45gH", "56iJ", "67kL", "78mN")
10.02:	6	29	40	39	50	73	68
20.04:	24	3	54	57	44	87	90
30.06:	18	9	60	51	38	93	80
40.08:	36	63	10	5	16	107	102
done.

Check binary matrix: xor: on ("12aB", "23cD", "34eF", "45gH", "56iJ", "67kL", "78mN") [*] (11, 22, 33, 44, 55, 66)
12aB:	7	26	45	32	59	78
23cD:	28	1	54	59	32	85
34eF:	41	52	3	14	21	96
45gH:	38	59	12	1	26	111
56iJ:	51	46	25	20	15	122
67kL:	72	85	98	111	116	1
78mN:	69	88	111	98	121	12
done.

