0: [One]... [Two]... [Three]... [Four]... [Finished].
1: - caught: one.
2: [One]... - caught: two.
3: [One]... [Two]... - caught: three.
4: [One]... [Two]... [Three]... - caught: four.
5: [One]... [Two]... [Three]... [Four]... - caught: five.
6: [One]... [Two]... [Three]... [Four]... [Finished].
6: [One]... [Two]... [Three]... [Four]... [Finished].
5: [One]... [Two]... [Three]... [Four]... - caught: five.
4: [One]... [Two]... [Three]... - caught: four.
3: [One]... [Two]... - caught: three.
2: [One]... - caught: two.
1: - caught: one.
0: [One]... [Two]... [Three]... [Four]... [Finished].

---

(3,8)
(5,7)
(4,9)
(6,8)
(1,6)
(2,5)

---

0 1 [1]
0 1 2 [4]
0 1 2 3 [9]
0 1 2 3 4 [16]
0 1 2 3 4 5 [25]
0 1 2 3 4 5 6 [36]
0 1 2 3 4 5 6 7 [49]
0 1 2 3 4 5 6 7 8 [64]
0 1 2 3 4 5 6 7 8 9 [81]
9 [81]
9 8 [64]
9 8 7 [49]
9 8 7 6 [36]
9 8 7 6 5 [25]
9 8 7 6 5 4 [16]
9 8 7 6 5 4 3 [9]
9 8 7 6 5 4 3 2 [4]
9 8 7 6 5 4 3 2 1 [1]
9 8 7 6 5 4 3 2 1 0 [0]

---

lmn:ijk:h:def:abc:(abc)
lmn:ijk:h:def:(def)
lmn:ijk:h:(h)
lmn:ijk:(ijk)
lmn:(lmn)
abc:def:h:ijk:lmn:(lmn)
abc:def:h:ijk:(ijk)
abc:def:h:(h)
abc:def:(def)
abc:(abc)

---

"a" ('a': 97)
"ae" ('e': 101)
"aei" ('i': 105)
"aeio" ('o': 111)
"aeiou" ('u': 117)
"aeiouy" ('y': 121)
"aeiouyA" ('A': 65)
"aeiouyAE" ('E': 69)
"aeiouyAEI" ('I': 73)
"aeiouyAEIO" ('O': 79)
"aeiouyAEIOU" ('U': 85)
"aeiouyAEIOUY" ('Y': 89)
"Y" ('Y': 89)
"YU" ('U': 85)
"YUO" ('O': 79)
"YUOI" ('I': 73)
"YUOIE" ('E': 69)
"YUOIEA" ('A': 65)
"YUOIEAy" ('y': 121)
"YUOIEAyu" ('u': 117)
"YUOIEAyuo" ('o': 111)
"YUOIEAyuoi" ('i': 105)
"YUOIEAyuoie" ('e': 101)
"YUOIEAyuoiea" ('a': 97)

---

Caught: [0]
Caught: [1]
Caught: [2]
Caught: [3]
Caught: [4]
Caught: [5]
Caught: [6]
Caught: [7]
Caught: [8]
Caught: [9]

---

aA: [aA]
bB: [aAbB]
cC: [aAbBcC]
dD: [aAbBcCdD]
eE: [aAbBcCdDeE]
0: 0:0 .
1: 0:1 1:0 .
2: 0:2 1:1 2:0 .
3: 0:3 1:2 2:1 3:0 .
4: 0:4 1:3 2:2 3:1 4:0 .
5: 0:5 1:4 2:3 3:2 4:1 5:0 .
6: 0:6 1:5 2:4 3:3 4:2 5:1 6:0 .
7: 0:7 1:6 2:5 3:4 4:3 5:2 6:1 7:0 .
8: 0:8 1:7 2:6 3:5 4:4 5:3 6:2 7:1 8:0 .
9: 0:9 1:8 2:7 3:6 4:5 5:4 6:3 7:2 8:1 9:0 .
10: 1:9 2:8 3:7 4:6 5:5 6:4 7:3 8:2 9:1 .
11: 2:9 3:8 4:7 5:6 6:5 7:4 8:3 9:2 .
12: 3:9 4:8 5:7 6:6 7:5 8:4 9:3 .
13: 4:9 5:8 6:7 7:6 8:5 9:4 .
14: 5:9 6:8 7:7 8:6 9:5 .
15: 6:9 7:8 8:7 9:6 .
16: 7:9 8:8 9:7 .
17: 8:9 9:8 .
18: 9:9 .
19: .
