Test format F: 1.1 * [0..10] :: [-1..2] ...
	:-1	:0	:1
0.:	.	.	.0
1.1:	 *	 1.	 1.1
2.2:	 *	 2.	 2.2
3.3:	 *	 3.	 3.3
4.4:	 *	 4.	 4.4
5.5:	 10.	 6.	 5.5
6.6:	 10.	 7.	 6.6
7.7:	 10.	 8.	 7.7
8.8:	 10.	 9.	 8.8
9.9:	 10.	 10.	 9.9

Test format F: 11.11 * [0..10] :: [-2..3] ...
	:-2	:-1	:0	:1	:2
0.:	.	.	.	.0	.00
11.11:	 *	 10.	 11.	 11.1	 11.11
22.22:	 *	 20.	 22.	 22.2	 22.22
33.33:	 *	 30.	 33.	 33.3	 33.33
44.44:	 *	 40.	 44.	 44.4	 44.44
55.55:	 100.	 60.	 56.	 55.5	 55.55
66.66:	 100.	 70.	 67.	 66.7	 66.66
77.77:	 100.	 80.	 78.	 77.8	 77.77
88.88:	 100.	 90.	 89.	 88.9	 88.88
99.99:	 100.	 100.	 100.	 100.0	 99.99

Test format F: 111.111 * [0..10] :: [-3..4] ...
	:-3	:-2	:-1	:0	:1	:2	:3
0.:	.	.	.	.	.0	.00	.000
111.111:	 *	 100.	 110.	 111.	 111.1	 111.11	 111.111
222.222:	 *	 200.	 220.	 222.	 222.2	 222.22	 222.222
333.333:	 *	 300.	 330.	 333.	 333.3	 333.33	 333.333
444.444:	 *	 400.	 440.	 444.	 444.4	 444.44	 444.444
555.555:	 1000.	 600.	 560.	 556.	 555.6	 555.56	 555.555
666.666:	 1000.	 700.	 670.	 667.	 666.7	 666.67	 666.666
777.777:	 1000.	 800.	 780.	 778.	 777.8	 777.78	 777.777
888.888:	 1000.	 900.	 890.	 889.	 888.9	 888.89	 888.888
999.999:	 1000.	 1000.	 1000.	 1000.	 1000.0	 1000.00	 999.999

Test format E: 98.76 :: [5] ...
[0] 0..0:	 0.1e+3
[1] -1..1:	 .01e+4	 0.1e+3	 1.e+2
[2] -2..2:	 .0099e+4	 .099e+3	 0.99e+2	 9.9e+1	 99.e0
[3] -3..3:	 .000988e+5	 .00988e+4	 .0988e+3	 0.988e+2	 9.88e+1	 98.8e0	 988.e-1
[4] -4..4:	 .00009876e+6	 .0009876e+5	 .009876e+4	 .09876e+3	 0.9876e+2	 9.876e+1	 98.76e0	 987.6e-1	 9876.e-2

Test format E: 123.456 :: [7] ...
[0] 0..0:	 .e+3
[1] -1..1:	 .01e+4	 0.1e+3	 1.e+2
[2] -2..2:	 .0012e+5	 .012e+4	 0.12e+3	 1.2e+2	 12.e+1
[3] -3..3:	 .000123e+6	 .00123e+5	 .0123e+4	 0.123e+3	 1.23e+2	 12.3e+1	 123.e0
[4] -4..4:	 .00001235e+7	 .0001235e+6	 .001235e+5	 .01235e+4	 0.1235e+3	 1.235e+2	 12.35e+1	 123.5e0	 1235.e-1
[5] -5..5:	 .0000012346e+8	 .000012346e+7	 .00012346e+6	 .0012346e+5	 .012346e+4	 0.12346e+3	 1.2346e+2	 12.346e+1	 123.46e0	 1234.6e-1	 12346.e-2
[6] -6..6:	 .000000123456e+9	 .00000123456e+8	 .0000123456e+7	 .000123456e+6	 .00123456e+5	 .0123456e+4	 0.123456e+3	 1.23456e+2	 12.3456e+1	 123.456e0	 1234.56e-1	 12345.6e-2	 123456.e-3

Test format G: 5.6 :: [3] ...
[0]	6.e0
[1]	6.
[2]	5.6
[3]	5.6

Test format G: 98.76 :: [5] ...
[0]	1.e+2
[1]	1.e+2
[2]	99.
[3]	98.8
[4]	98.76
[5]	98.76

Test format G: 123.456 :: [7] ...
[0]	1.e+2
[1]	1.e+2
[2]	1.2e+2
[3]	123.
[4]	123.5
[5]	123.46
[6]	123.456
[7]	123.456

Test format G: 1928.2819 :: [9] ...
[0]	2.e+3
[1]	2.e+3
[2]	1.9e+3
[3]	1.93e+3
[4]	1928.
[5]	1928.3
[6]	1928.28
[7]	1928.282
[8]	1928.2819
[9]	1928.2819

