TEST PACK: source '0123456789' (#10)...
    Testing: locate single char...
	 total checks: 20 (failed: 0).
    Testing: locate string slice...
	 total checks: 28 (failed: 0).
    Testing: locate any character...
	 total checks: 2 (failed: 0).
    Testing: locate character from set (incl./excl.)...
	 total checks: 80 (failed: 0).
    Testing: locate charset boundaries (incl./excl.)...
	 total checks: 80 (failed: 0).
    Testing: locate position anchors...
	 total checks: 20 (failed: 0).
    Testing: locate context anchors...
	 total checks: 38 (failed: 0).
DONE (total failures: 0).
TEST PACK: source 'ABCDEFGHIJKLMNOPQRSTUVWXYZ' (#26)...
    Testing: locate single char...
	 total checks: 52 (failed: 0).
    Testing: locate string slice...
	 total checks: 76 (failed: 0).
    Testing: locate any character...
	 total checks: 2 (failed: 0).
    Testing: locate character from set (incl./excl.)...
	 total checks: 208 (failed: 0).
    Testing: locate charset boundaries (incl./excl.)...
	 total checks: 208 (failed: 0).
    Testing: locate position anchors...
	 total checks: 52 (failed: 0).
    Testing: locate context anchors...
	 total checks: 102 (failed: 0).
DONE (total failures: 0).
