<Pattern.awl> #18 / [1] {

  x_trace:() => 0;
  (rx_char:dc_b:"a", rx_char:dc_b:"b", rx_char:dc_b:"c") => ('a', 'b', 'c');
  (rx_string:"aabbcc", rx_string:"zZyYxX", rx_string:"05 16 27 38 49 50") => ("aabbcc", "zZyYxX", "05 16 27 38 49 50");
  rx_alt:("hello", "goodbye") => <"hello" | "goodbye">;
  rx_alt:("yes", rx_alt:("no", "maybe")) => <"yes" | <"no" | "maybe">>;
  rx_cat:(rx_alt:("aa", "bb"), rx_alt:("cc", "dd")) => <<"aa" | "bb"> & <"cc" | "dd">>;
  rx_rep:((8, 16), 1, rx_alt:("xX", "yY")) => <<"xX" | "yY"> * 8..16->;
<"ab" | <"cde" | "fg">>
 abcdefg, ab++cde**fg 
 -------  --  ---  -- : (6)
<<"yes" | "no"> | "maybe">
  yyyyesnenomybemuybemaybenooo  
     ---  --         -------    : (4)
<"aa" & "bbb">
  aaaabbbbb  aaaaabbbb 
    -----       -----  : (2)
<<"aa" | 'b'> & <'c' | "dd">>
aabbb aaaacccc bbbbccc aaaddddd bbbbddd 
        ---       --    ----       ---  : (4)
<<"aa" | 'b'> & <'c' | "dd">>
aabbb aaaacccc bbbbccc aaaddddd bbbbddd 
        ---       --    ----       ---  : (4)
<<<"mm" | "nnn"> & "sss"> | <"tt" & <'u' | "vvv">>>
  tttuuu mmmmnnn tnnntmmm nnnnssss ttttvvvvv mmmmssss 
   ---                     ------    -----     -----  : (4)
<<<'a' | 'd'> & <'b' | 'e'>> & <'c' | 'f'>>
abc abd abe abf acd ace acf ade adf aef
---         ---                     ---: (3)
<<<'a' | 'd'> & <'b' | 'e'>> & <'c' | 'f'>>
bcd bce bcf cde cdf def
                    ---: (1)
<"<_>" * 1>
 ** <_><_>
    ------: (2)
<"<_>" * 2>
 ** <_><_><_>
    ------   : (1)
<"<_>" * 3>
 ** <_><_><_><_>
    ---------   : (1)
<"<_>" * 4>
 ** <_><_><_><_><_>
    ------------   : (1)
<"<_>" * 5>
 ** <_><_><_><_><_><_>
    ---------------   : (1)
<"<_>" * 6>
 ** <_><_><_><_><_><_><_>
    ------------------   : (1)
<"<_>" * 7>
 ** <_><_><_><_><_><_><_><_>
    ---------------------   : (1)
<'(' & <<'*' * 1..4+> & ')'>>
(*)(**)(***)(****)(*****)(******)(*******)(********)(*********)
------------------                                             : (4)
<'(' & <<'*' * 2..5+> & ')'>>
(*)(**)(***)(****)(*****)(******)(*******)(********)(*********)
   ----------------------                                      : (4)
<'(' & <<'*' * 3..6+> & ')'>>
(*)(**)(***)(****)(*****)(******)(*******)(********)(*********)
       --------------------------                              : (4)
<'(' & <<'*' * 4..7+> & ')'>>
(*)(**)(***)(****)(*****)(******)(*******)(********)(*********)
            ------------------------------                     : (4)
<'(' & <<'*' * 5..8+> & ')'>>
(*)(**)(***)(****)(*****)(******)(*******)(********)(*********)
                  ----------------------------------           : (4)
<'(' & <<'*' * 6..9+> & ')'>>
(*)(**)(***)(****)(*****)(******)(*******)(********)(*********)
                         --------------------------------------: (4)
<'[' & <<'-' * 1..7+> & ']'>>
[-------][------][-----][----][---][--][-]
------------------------------------------: (7)
<'[' & <<'-' * 2..6+> & ']'>>
[-------][------][-----][----][---][--][-]
         ------------------------------   : (5)
<'[' & <<'-' * 3..5+> & ']'>>
[-------][------][-----][----][---][--][-]
                 ------------------       : (3)
<'[' & <<'-' * 4> & ']'>>
[-------][------][-----][----][---][--][-]
                        ------            : (1)
<'(' & <<<.> * 1> & ')'>>
(*)(**)(***)(****)(*****)(******)(*******)(********)(*********)
---                                                            : (1)
<'(' & <<<.> * 2> & ')'>>
(*)(**)(***)(****)(*****)(******)(*******)(********)(*********)
   ----                                                        : (1)
<'(' & <<<.> * 3> & ')'>>
(*)(**)(***)(****)(*****)(******)(*******)(********)(*********)
       -----                                                   : (1)
<'(' & <<<.> * 4> & ')'>>
(*)(**)(***)(****)(*****)(******)(*******)(********)(*********)
            ------                                             : (1)
<'(' & <<<.> * 5> & ')'>>
(*)(**)(***)(****)(*****)(******)(*******)(********)(*********)
-------           -------                                      : (2)
<'(' & <<<.> * 6> & ')'>>
(*)(**)(***)(****)(*****)(******)(*******)(********)(*********)
                         --------                              : (1)
<'(' & <<<.> * 7> & ')'>>
(*)(**)(***)(****)(*****)(******)(*******)(********)(*********)
   ---------                     ---------                     : (2)
<'(' & <<<.> * 8> & ')'>>
(*)(**)(***)(****)(*****)(******)(*******)(********)(*********)
                                          ----------           : (1)
<'(' & <<<.> * 9> & ')'>>
(*)(**)(***)(****)(*****)(******)(*******)(********)(*********)
       -----------                                  -----------: (2)
<'(' & <<<.> * 10> & ')'>>
(*)(**)(***)(****)(*****)(******)(*******)(********)(*********)
------------                                                   : (1)
<'(' & <<<.> * 11> & ')'>>
(*)(**)(***)(****)(*****)(******)(*******)(********)(*********)
            -------------                                      : (1)
<'(' & <<<.> * 12> & ')'>>
(*)(**)(***)(****)(*****)(******)(*******)(********)(*********)
                                                               : (0)
<'(' & <<<.> * 13> & ')'>>
(*)(**)(***)(****)(*****)(******)(*******)(********)(*********)
   ------------------------------                              : (2)
<'(' & <<<.> * 14> & ')'>>
(*)(**)(***)(****)(*****)(******)(*******)(********)(*********)
                                                               : (0)
<'(' & <<<.> * 15> & ')'>>
(*)(**)(***)(****)(*****)(******)(*******)(********)(*********)
                         -----------------                     : (1)
<'(' & <<<.> * 16> & ')'>>
(*)(**)(***)(****)(*****)(******)(*******)(********)(*********)
------------------                                             : (1)
<'(' & <<<.> * 17> & ')'>>
(*)(**)(***)(****)(*****)(******)(*******)(********)(*********)
                                 -------------------           : (1)
<'[' & <<<.> * 1> & ']'>>
[-------][------][-----][----][---][--][-]
                                       ---: (1)
<'[' & <<<.> * 2> & ']'>>
[-------][------][-----][----][---][--][-]
                                   ----   : (1)
<'[' & <<<.> * 3> & ']'>>
[-------][------][-----][----][---][--][-]
                              -----       : (1)
<'[' & <<<.> * 4> & ']'>>
[-------][------][-----][----][---][--][-]
                        ------            : (1)
<'[' & <<<.> * 5> & ']'>>
[-------][------][-----][----][---][--][-]
                 -------           -------: (2)
<'[' & <<<.> * 6> & ']'>>
[-------][------][-----][----][---][--][-]
         --------                         : (1)
<'[' & <<<.> * 7> & ']'>>
[-------][------][-----][----][---][--][-]
---------                     ---------   : (2)
<'[' & <<<.> * 8> & ']'>>
[-------][------][-----][----][---][--][-]
                                          : (0)
<'[' & <<<.> * 9> & ']'>>
[-------][------][-----][----][---][--][-]
                        -----------       : (1)
<'[' & <<<.> * 10> & ']'>>
[-------][------][-----][----][---][--][-]
                              ------------: (1)
<'[' & <<<.> * 11> & ']'>>
[-------][------][-----][----][---][--][-]
                 -------------            : (1)
<'[' & <<<.> * 12> & ']'>>
[-------][------][-----][----][---][--][-]
                                          : (0)
<'[' & <<<.> * 13> & ']'>>
[-------][------][-----][----][---][--][-]
         ------------------------------   : (2)
<'[' & <<<.> * 14> & ']'>>
[-------][------][-----][----][---][--][-]
                                          : (0)
