
Source: 0123456789
List: 0123456789:0123456789:0123456789:0123456789:0123456789:0123456789:0123456789:0123456789:0123456789:0123456789

- Inc (+):
#0: '+123456789'
#1: '0+23456789'
#2: '01+3456789'
#3: '012+456789'
#4: '0123+56789'
#5: '01234+6789'
#6: '012345+789'
#7: '0123456+89'
#8: '01234567+9'
#9: '012345678+'

- Dec (-):
#0: '012345678-'
#1: '01234567-9'
#2: '0123456-89'
#3: '012345-789'
#4: '01234-6789'
#5: '0123-56789'
#6: '012-456789'
#7: '01-3456789'
#8: '0-23456789'
#9: '-123456789'

Source: 0123456789
List: 0:11:122:1233:12344:123455:1234566:12345677:123456788:1234567899

- List >>:
#0: '0'
#1: '11'
#2: '122'
#3: '1233'
#4: '12344'
#5: '123455'
#6: '1234566'
#7: '12345677'
#8: '123456788'
#9: '1234567899'

- List <<:
#0: '0012345678'
#1: '112345678'
#2: '22345678'
#3: '3345678'
#4: '445678'
#5: '55678'
#6: '6678'
#7: '778'
#8: '88'
#9: '9'

Source: 0123456789
List: [123456789987654321]:[2345678998765432]:[34567899876543]:[456789987654]:[5678998765]:[67899876]:[789987]:[8998]:[99]:[]

- List [<< - >>]:
#0: '[123456789987654321]'
#1: '[2345678998765432]'
#2: '[34567899876543]'
#3: '[456789987654]'
#4: '[5678998765]'
#5: '[67899876]'
#6: '[789987]'
#7: '[8998]'
#8: '[99]'
#9: '[]'

- List ]>> - <<[:
#0: ']876543210012345678['
#1: ']7654321001234567['
#2: ']65432100123456['
#3: ']543210012345['
#4: ']4321001234['
#5: ']32100123['
#6: ']210012['
#7: ']1001['
#8: ']00['
#9: ']['

Source: 0123456789
List: 0.........:01........:012.......:0123......:01234.....:012345....:0123456...:01234567..:012345678.:0123456789

- List {+/-}:
#0: '0.........'
#1: '01........'
#2: '012.......'
#3: '0123......'
#4: '01234.....'
#5: '012345....'
#6: '0123456...'
#7: '01234567..'
#8: '012345678.'
#9: '0123456789'

- List {-/+}:
#0: '0123456789'
#1: '.123456789'
#2: '..23456789'
#3: '...3456789'
#4: '....456789'
#5: '.....56789'
#6: '......6789'
#7: '.......789'
#8: '........89'
#9: '.........9'

- List {+/+}:
#0: '9876543210'
#1: '987654321.'
#2: '98765432..'
#3: '9876543...'
#4: '987654....'
#5: '98765.....'
#6: '9876......'
#7: '987.......'
#8: '98........'
#9: '9.........'

- List {-/-}:
#0: '.........0'
#1: '........10'
#2: '.......210'
#3: '......3210'
#4: '.....43210'
#5: '....543210'
#6: '...6543210'
#7: '..76543210'
#8: '.876543210'
#9: '9876543210'

Source: 9876543210
List: .........0:........10:.......210:......3210:.....43210:....543210:...6543210:..76543210:.876543210:9876543210

- List <++>:
#0: '1234567899'
#1: '0234567899'
#2: '0134567899'
#3: '0124567899'
#4: '0123567899'
#5: '0123467899'
#6: '0123457899'
#7: '0123456899'
#8: '0123456799'
#9: '0123456789'

- List <-->:
#0: '9876543210'
#1: '9876543200'
#2: '9876543100'
#3: '9876542100'
#4: '9876532100'
#5: '9876432100'
#6: '9875432100'
#7: '9865432100'
#8: '9765432100'
#9: '8765432100'

Source: **********
List: **********:**********:**********:**********:**********:**********:**********:**********:**********:**********

- List [[-/+]]:
#0: '0123456789'
#1: '*123456789'
#2: '**23456789'
#3: '***3456789'
#4: '****456789'
#5: '*****56789'
#6: '******6789'
#7: '*******789'
#8: '********89'
#9: '*********9'

- List [[+/-]]:
#0: '0*********'
#1: '01********'
#2: '012*******'
#3: '0123******'
#4: '01234*****'
#5: '012345****'
#6: '0123456***'
#7: '01234567**'
#8: '012345678*'
#9: '0123456789'

- List ]><[:
#0: '\        /'
#1: ']\      /['
#2: '] \    / ['
#3: ']  \  /  ['
#4: ']   \/   ['
#5: ']   /\   ['
#6: ']  /  \  ['
#7: '] /    \ ['
#8: ']/      \['
#9: '/        \'

- List [<>]:
#0: '[   /\   ]'
#1: '[  /  \  ]'
#2: '[ /    \ ]'
#3: '[/      \]'
#4: '/        \'
#5: '\        /'
#6: '[\      /]'
#7: '[ \    / ]'
#8: '[  \  /  ]'
#9: '[   \/   ]'
